c:\users\sebas\onedrive\desktop\cheats\accuracyfn-fortnite-cheat-source-updated-to-newest-patch-main\accuracyfn\x64\release\vc142.pdb
c:\users\sebas\onedrive\desktop\cheats\accuracyfn-fortnite-cheat-source-updated-to-newest-patch-main\accuracyfn\x64\release\util.obj
c:\users\sebas\onedrive\desktop\cheats\accuracyfn-fortnite-cheat-source-updated-to-newest-patch-main\accuracyfn\x64\release\settings.obj
c:\users\sebas\onedrive\desktop\cheats\accuracyfn-fortnite-cheat-source-updated-to-newest-patch-main\accuracyfn\x64\release\renderer.obj
c:\users\sebas\onedrive\desktop\cheats\accuracyfn-fortnite-cheat-source-updated-to-newest-patch-main\accuracyfn\x64\release\offsets.obj
c:\users\sebas\onedrive\desktop\cheats\accuracyfn-fortnite-cheat-source-updated-to-newest-patch-main\accuracyfn\x64\release\imgui_impl_dx11.obj
c:\users\sebas\onedrive\desktop\cheats\accuracyfn-fortnite-cheat-source-updated-to-newest-patch-main\accuracyfn\x64\release\imgui_draw.obj
c:\users\sebas\onedrive\desktop\cheats\accuracyfn-fortnite-cheat-source-updated-to-newest-patch-main\accuracyfn\x64\release\imgui.obj
c:\users\sebas\onedrive\desktop\cheats\accuracyfn-fortnite-cheat-source-updated-to-newest-patch-main\accuracyfn\x64\release\dllmain.obj
c:\users\sebas\onedrive\desktop\cheats\accuracyfn-fortnite-cheat-source-updated-to-newest-patch-main\accuracyfn\x64\release\hooks.obj
c:\users\sebas\onedrive\desktop\cheats\accuracyfn-fortnite-cheat-source-updated-to-newest-patch-main\accuracyfn\x64\release\exotic.lib
c:\users\sebas\onedrive\desktop\cheats\accuracyfn-fortnite-cheat-source-updated-to-newest-patch-main\accuracyfn\x64\release\exotic.exp
c:\users\sebas\onedrive\desktop\cheats\accuracyfn-fortnite-cheat-source-updated-to-newest-patch-main\accuracyfn\x64\release\exotic.ipdb
c:\users\sebas\onedrive\desktop\cheats\accuracyfn-fortnite-cheat-source-updated-to-newest-patch-main\accuracyfn\x64\release\exotic.iobj
c:\users\sebas\onedrive\desktop\cheats\accuracyfn-fortnite-cheat-source-updated-to-newest-patch-main\accuracyfn\x64\release\exotic.dll
c:\users\sebas\onedrive\desktop\cheats\accuracyfn-fortnite-cheat-source-updated-to-newest-patch-main\accuracyfn\x64\release\retspoof.obj
c:\users\sebas\onedrive\desktop\cheats\accuracyfn edited by vital\accuracyfn\x64\release\dllmain.obj
c:\users\sebas\onedrive\desktop\cheats\accuracyfn edited by vital\accuracyfn\x64\release\hooks.obj
c:\users\sebas\onedrive\desktop\cheats\accuracyfn edited by vital\accuracyfn\x64\release\imgui.obj
c:\users\sebas\onedrive\desktop\cheats\accuracyfn edited by vital\accuracyfn\x64\release\imgui_draw.obj
c:\users\sebas\onedrive\desktop\cheats\accuracyfn edited by vital\accuracyfn\x64\release\imgui_impl_dx11.obj
c:\users\sebas\onedrive\desktop\cheats\accuracyfn edited by vital\accuracyfn\x64\release\offsets.obj
c:\users\sebas\onedrive\desktop\cheats\accuracyfn edited by vital\accuracyfn\x64\release\renderer.obj
c:\users\sebas\onedrive\desktop\cheats\accuracyfn edited by vital\accuracyfn\x64\release\retspoof.obj
c:\users\sebas\onedrive\desktop\cheats\accuracyfn edited by vital\accuracyfn\x64\release\settings.obj
c:\users\sebas\onedrive\desktop\cheats\accuracyfn edited by vital\accuracyfn\x64\release\util.obj
c:\users\sebas\onedrive\desktop\cheats\accuracyfn edited by vital\accuracyfn\x64\release\exotic.ipdb
c:\users\sebas\onedrive\desktop\cheats\accuracyfn edited by vital\accuracyfn\x64\release\exotic.iobj
c:\users\sebas\onedrive\desktop\cheats\accuracyfn edited by vital\accuracyfn\x64\release\exotic.exp
c:\users\sebas\onedrive\desktop\cheats\accuracyfn edited by vital\accuracyfn\x64\release\vc142.pdb
c:\users\sebas\onedrive\desktop\cheats\accuracyfn edited by vital\accuracyfn\x64\release\fortnite.tlog\cl.command.1.tlog
c:\users\sebas\onedrive\desktop\cheats\accuracyfn edited by vital\accuracyfn\x64\release\fortnite.tlog\cl.read.1.tlog
c:\users\sebas\onedrive\desktop\cheats\accuracyfn edited by vital\accuracyfn\x64\release\fortnite.tlog\cl.write.1.tlog
c:\users\sebas\onedrive\desktop\cheats\accuracyfn edited by vital\accuracyfn\x64\release\fortnite.tlog\fortnite.write.1u.tlog
c:\users\sebas\onedrive\desktop\cheats\accuracyfn edited by vital\accuracyfn\x64\release\fortnite.tlog\link.command.1.tlog
c:\users\sebas\onedrive\desktop\cheats\accuracyfn edited by vital\accuracyfn\x64\release\fortnite.tlog\link.read.1.tlog
c:\users\sebas\onedrive\desktop\cheats\accuracyfn edited by vital\accuracyfn\x64\release\fortnite.tlog\link.write.1.tlog
c:\users\sebas\onedrive\desktop\cheats\accuracyfn edited by vital\accuracyfn\x64\release\fortnite.tlog\masm.read.1u.tlog
c:\users\sebas\onedrive\desktop\cheats\accuracyfn edited by vital\accuracyfn\x64\release\fortnite.tlog\masm.write.1u.tlog
